<?xml version="1.0" encoding="UTF-8"?>
<!-- Generated by org.testng.reporters.JUnitXMLReporter -->
<testsuite hostname="DESKTOP-FFTSIEL" ignored="2" name="Test" tests="1" failures="0" timestamp="2023-02-08T17:55:44 IST" time="0.077" errors="0">
  <testcase name="tc1" time="0.016" classname="testng.ng"/>
  <testcase name="tc2" time="0.0" classname="testng.ng">
    <ignored/>
  </testcase> <!-- tc2 -->
  <testcase name="tc3" time="0.0" classname="testng.ng">
    <ignored/>
  </testcase> <!-- tc3 -->
</testsuite> <!-- Test -->
